Using pre-set license
Built from '2020.3/staging' branch; Version is '2020.3.40f1 (ba48d4efcef1) revision 12208340'; Using compiler version '192528614'; Build Type 'Release'
OS: 'Windows 10  (10.0.19045) 64bit Professional' Language: 'es' Physical Memory: 15792 MB
BatchMode: 1, IsHumanControllingUs: 0, StartBugReporterOnCrash: 0, Is64bit: 1, IsPro: 0

COMMAND LINE ARGUMENTS:
C:\Program Files\Unity 2020.3.40f1\Editor\Unity.exe
-adb2
-batchMode
-noUpm
-name
AssetImportWorker0
-projectPath
C:/Users/thygo/Desktop/SIMO/UNITY_PYTHON/UNITY_MQTT
-logFile
Logs/AssetImportWorker0.log
-srvPort
56457
Successfully changed project path to: C:/Users/thygo/Desktop/SIMO/UNITY_PYTHON/UNITY_MQTT
C:/Users/thygo/Desktop/SIMO/UNITY_PYTHON/UNITY_MQTT
Using Asset Import Pipeline V2.
Refreshing native plugins compatible for Editor in 31.14 ms, found 2 plugins.
Preloading 0 native plugins for Editor in 0.00 ms.
Initialize engine version: 2020.3.40f1 (ba48d4efcef1)
[Subsystems] Discovering subsystems at path C:/Program Files/Unity 2020.3.40f1/Editor/Data/Resources/UnitySubsystems
[Subsystems] Discovering subsystems at path C:/Users/thygo/Desktop/SIMO/UNITY_PYTHON/UNITY_MQTT/Assets
GfxDevice: creating device client; threaded=0
Direct3D:
    Version:  Direct3D 11.0 [level 11.1]
    Renderer: NVIDIA GeForce GTX 1650 (ID=0x1f9d)
    Vendor:   
    VRAM:     3962 MB
    Driver:   30.0.15.1278
Initialize mono
Mono path[0] = 'C:/Program Files/Unity 2020.3.40f1/Editor/Data/Managed'
Mono path[1] = 'C:/Program Files/Unity 2020.3.40f1/Editor/Data/MonoBleedingEdge/lib/mono/unityjit'
Mono config path = 'C:/Program Files/Unity 2020.3.40f1/Editor/Data/MonoBleedingEdge/etc'
Using monoOptions --debugger-agent=transport=dt_socket,embedding=1,server=y,suspend=n,address=127.0.0.1:56980
Begin MonoManager ReloadAssembly
Registering precompiled unity dll's ...
Register platform support module: C:/Program Files/Unity 2020.3.40f1/Editor/Data/PlaybackEngines/WindowsStandaloneSupport/UnityEditor.WindowsStandalone.Extensions.dll
Registered in 0.001433 seconds.
Native extension for WindowsStandalone target not found
Refreshing native plugins compatible for Editor in 30.72 ms, found 2 plugins.
Preloading 0 native plugins for Editor in 0.00 ms.
Mono: successfully reloaded assembly
- Completed reload, in  0.510 seconds
Domain Reload Profiling:
	ReloadAssembly (510ms)
		BeginReloadAssembly (54ms)
			ExecutionOrderSort (0ms)
			DisableScriptedObjects (0ms)
			BackupInstance (0ms)
			ReleaseScriptingObjects (0ms)
			CreateAndSetChildDomain (1ms)
		EndReloadAssembly (393ms)
			LoadAssemblies (52ms)
			RebuildTransferFunctionScriptingTraits (0ms)
			SetupTypeCache (133ms)
			ReleaseScriptCaches (0ms)
			RebuildScriptCaches (28ms)
			SetupLoadedEditorAssemblies (145ms)
				LogAssemblyErrors (0ms)
				InitializePlatformSupportModulesInManaged (4ms)
				SetLoadedEditorAssemblies (0ms)
				RefreshPlugins (31ms)
				BeforeProcessingInitializeOnLoad (12ms)
				ProcessInitializeOnLoadAttributes (73ms)
				ProcessInitializeOnLoadMethodAttributes (26ms)
				AfterProcessingInitializeOnLoad (0ms)
				EditorAssembliesLoaded (0ms)
			ExecutionOrderSort2 (0ms)
			AwakeInstancesAfterBackupRestoration (0ms)
Platform modules already initialized, skipping
Registering precompiled user dll's ...
Registered in 0.002212 seconds.
Begin MonoManager ReloadAssembly
Native extension for WindowsStandalone target not found
Refreshing native plugins compatible for Editor in 0.36 ms, found 2 plugins.
Preloading 0 native plugins for Editor in 0.00 ms.
[ScriptCompilation] NOT recompiling all scripts because this is an import worker process. Reason to compile was: Define symbols changed
Mono: successfully reloaded assembly
- Completed reload, in  0.887 seconds
Domain Reload Profiling:
	ReloadAssembly (888ms)
		BeginReloadAssembly (134ms)
			ExecutionOrderSort (0ms)
			DisableScriptedObjects (4ms)
			BackupInstance (0ms)
			ReleaseScriptingObjects (0ms)
			CreateAndSetChildDomain (18ms)
		EndReloadAssembly (702ms)
			LoadAssemblies (81ms)
			RebuildTransferFunctionScriptingTraits (0ms)
			SetupTypeCache (235ms)
			ReleaseScriptCaches (0ms)
			RebuildScriptCaches (44ms)
			SetupLoadedEditorAssemblies (277ms)
				LogAssemblyErrors (0ms)
				InitializePlatformSupportModulesInManaged (4ms)
				SetLoadedEditorAssemblies (0ms)
				RefreshPlugins (0ms)
				BeforeProcessingInitializeOnLoad (77ms)
				ProcessInitializeOnLoadAttributes (178ms)
				ProcessInitializeOnLoadMethodAttributes (12ms)
				AfterProcessingInitializeOnLoad (4ms)
				EditorAssembliesLoaded (0ms)
			ExecutionOrderSort2 (0ms)
			AwakeInstancesAfterBackupRestoration (2ms)
Platform modules already initialized, skipping
========================================================================
Worker process is ready to serve import requests
Launched and connected shader compiler UnityShaderCompiler.exe after 0.04 seconds
Refreshing native plugins compatible for Editor in 0.41 ms, found 2 plugins.
Preloading 0 native plugins for Editor in 0.00 ms.
Unloading 1801 Unused Serialized files (Serialized files now loaded: 0)
System memory in use before: 78.9 MB.
System memory in use after: 79.0 MB.

Unloading 16 unused Assets to reduce memory usage. Loaded Objects now: 2238.
Total: 3.204500 ms (FindLiveObjects: 0.241800 ms CreateObjectMapping: 0.075400 ms MarkObjects: 2.797500 ms  DeleteObjects: 0.088000 ms)

AssetImportParameters requested are different than current active one (requested -> active):
  custom:framework-win-MediaFoundation: 216162199b28c13a410421893ffa2e32 -> 
  custom:video-decoder-ogg-theora: a1e56fd34408186e4bbccfd4996cb3dc -> 
  custom:container-muxer-webm: aa71ff27fc2769a1b78a27578f13a17b -> 
  custom:container-demuxer-webm: 4f35f7cbe854078d1ac9338744f61a02 -> 
  custom:container-demuxer-ogg: 62fdf1f143b41e24485cea50d1cbac27 -> 
  custom:video-encoder-webm-vp8: eb34c28f22e8b96e1ab97ce403110664 -> 
  custom:video-decoder-webm-vp8: 9c59270c3fd7afecdb556c50c9e8de78 -> 
  custom:audio-decoder-ogg-vorbis: bf7c407c2cedff20999df2af8eb42d56 -> 
  custom:audio-encoder-webm-vorbis: bf7c407c2cedff20999df2af8eb42d56 -> 
========================================================================
Received Import Request.
  path: Assets/extOSC/Examples/01) Getting Started
  artifactKey: Guid(9e8ea454fe0674ae7b29a5f487b10f87) Importer(815301076,1909f56bfc062723c751e8b465ee728b)
Start importing Assets/extOSC/Examples/01) Getting Started using Guid(9e8ea454fe0674ae7b29a5f487b10f87) Importer(815301076,1909f56bfc062723c751e8b465ee728b)  -> (artifact id: 'acbf8682ed1c9712d8a96649a2c21959') in 0.010188 seconds 
========================================================================
Received Import Request.
  Time since last request: 4.866981 seconds.
  path: Assets/extOSC/Examples/01) Getting Started/Getting Started.unity
  artifactKey: Guid(ea6bd954b791a401f844a6869a8c9378) Importer(815301076,1909f56bfc062723c751e8b465ee728b)
Start importing Assets/extOSC/Examples/01) Getting Started/Getting Started.unity using Guid(ea6bd954b791a401f844a6869a8c9378) Importer(815301076,1909f56bfc062723c751e8b465ee728b)  -> (artifact id: '294be9c232eba37e559c60118db0ec35') in 0.007897 seconds 
========================================================================
Received Prepare
Registering precompiled user dll's ...
Registered in 0.002148 seconds.
Begin MonoManager ReloadAssembly
Native extension for WindowsStandalone target not found
Refreshing native plugins compatible for Editor in 0.36 ms, found 2 plugins.
Preloading 0 native plugins for Editor in 0.00 ms.
Mono: successfully reloaded assembly
- Completed reload, in  0.827 seconds
Domain Reload Profiling:
	ReloadAssembly (828ms)
		BeginReloadAssembly (99ms)
			ExecutionOrderSort (0ms)
			DisableScriptedObjects (4ms)
			BackupInstance (0ms)
			ReleaseScriptingObjects (0ms)
			CreateAndSetChildDomain (29ms)
		EndReloadAssembly (676ms)
			LoadAssemblies (78ms)
			RebuildTransferFunctionScriptingTraits (0ms)
			SetupTypeCache (228ms)
			ReleaseScriptCaches (1ms)
			RebuildScriptCaches (34ms)
			SetupLoadedEditorAssemblies (266ms)
				LogAssemblyErrors (0ms)
				InitializePlatformSupportModulesInManaged (4ms)
				SetLoadedEditorAssemblies (0ms)
				RefreshPlugins (0ms)
				BeforeProcessingInitializeOnLoad (74ms)
				ProcessInitializeOnLoadAttributes (170ms)
				ProcessInitializeOnLoadMethodAttributes (13ms)
				AfterProcessingInitializeOnLoad (5ms)
				EditorAssembliesLoaded (0ms)
			ExecutionOrderSort2 (0ms)
			AwakeInstancesAfterBackupRestoration (2ms)
Platform modules already initialized, skipping
Refreshing native plugins compatible for Editor in 0.42 ms, found 2 plugins.
Preloading 0 native plugins for Editor in 0.00 ms.
Unloading 1782 Unused Serialized files (Serialized files now loaded: 0)
System memory in use before: 77.5 MB.
System memory in use after: 77.6 MB.

Unloading 11 unused Assets to reduce memory usage. Loaded Objects now: 2241.
Total: 2.697300 ms (FindLiveObjects: 0.174500 ms CreateObjectMapping: 0.044600 ms MarkObjects: 2.442700 ms  DeleteObjects: 0.034300 ms)

AssetImportParameters requested are different than current active one (requested -> active):
  custom:framework-win-MediaFoundation: 216162199b28c13a410421893ffa2e32 -> 
  custom:video-decoder-ogg-theora: a1e56fd34408186e4bbccfd4996cb3dc -> 
  custom:container-muxer-webm: aa71ff27fc2769a1b78a27578f13a17b -> 
  custom:container-demuxer-webm: 4f35f7cbe854078d1ac9338744f61a02 -> 
  custom:container-demuxer-ogg: 62fdf1f143b41e24485cea50d1cbac27 -> 
  custom:video-encoder-webm-vp8: eb34c28f22e8b96e1ab97ce403110664 -> 
  custom:video-decoder-webm-vp8: 9c59270c3fd7afecdb556c50c9e8de78 -> 
  custom:audio-decoder-ogg-vorbis: bf7c407c2cedff20999df2af8eb42d56 -> 
  custom:audio-encoder-webm-vorbis: bf7c407c2cedff20999df2af8eb42d56 -> 
========================================================================
Received Import Request.
  Time since last request: 173.011215 seconds.
  path: Assets/extOSC/Examples/06) Mapping/Mapping Example.asset
  artifactKey: Guid(fe8e4ea79bde340928891a16b9a0e78e) Importer(815301076,1909f56bfc062723c751e8b465ee728b)
Start importing Assets/extOSC/Examples/06) Mapping/Mapping Example.asset using Guid(fe8e4ea79bde340928891a16b9a0e78e) Importer(815301076,1909f56bfc062723c751e8b465ee728b)  -> (artifact id: 'c03837e01eed375738f3c1d4e3434204') in 0.030092 seconds 
========================================================================
Received Import Request.
  Time since last request: 5.078192 seconds.
  path: Assets/extOSC/Examples/06) Mapping/Mapping.unity
  artifactKey: Guid(6c85d64528c1e4b3480265b3fff37b4e) Importer(815301076,1909f56bfc062723c751e8b465ee728b)
Start importing Assets/extOSC/Examples/06) Mapping/Mapping.unity using Guid(6c85d64528c1e4b3480265b3fff37b4e) Importer(815301076,1909f56bfc062723c751e8b465ee728b)  -> (artifact id: '6a64219205812f7b361079bdf96f530c') in 0.008523 seconds 
========================================================================
Received Import Request.
  Time since last request: 54.989005 seconds.
  path: Assets/extOSC/Examples/07) Scripting/Scripts
  artifactKey: Guid(9ba07109648e547da84598a323e02386) Importer(815301076,1909f56bfc062723c751e8b465ee728b)
Start importing Assets/extOSC/Examples/07) Scripting/Scripts using Guid(9ba07109648e547da84598a323e02386) Importer(815301076,1909f56bfc062723c751e8b465ee728b)  -> (artifact id: 'c99ff0b35a6ee48e3327a47a131c9f5d') in 0.018464 seconds 
========================================================================
Received Import Request.
  Time since last request: 3.533020 seconds.
  path: Assets/extOSC/Examples/07) Scripting/Scripting.unity
  artifactKey: Guid(745874003e2d842b9866ea18f49e0d83) Importer(815301076,1909f56bfc062723c751e8b465ee728b)
Start importing Assets/extOSC/Examples/07) Scripting/Scripting.unity using Guid(745874003e2d842b9866ea18f49e0d83) Importer(815301076,1909f56bfc062723c751e8b465ee728b)  -> (artifact id: 'ebd925f4a374b83eb2169cc1cb1978d5') in 0.007618 seconds 
========================================================================
Received Import Request.
  Time since last request: 6.212924 seconds.
  path: Assets/extOSC/Examples/09) Address Masks/Address Masks.unity
  artifactKey: Guid(ac5fc01877bc5488e9c6e46d09d248d5) Importer(815301076,1909f56bfc062723c751e8b465ee728b)
Start importing Assets/extOSC/Examples/09) Address Masks/Address Masks.unity using Guid(ac5fc01877bc5488e9c6e46d09d248d5) Importer(815301076,1909f56bfc062723c751e8b465ee728b)  -> (artifact id: '60bb882ec4b7779d8254eb0a2c4ee91c') in 0.008432 seconds 
========================================================================
Received Import Request.
  Time since last request: 16.559473 seconds.
  path: Assets/extOSC/Examples/10) Ping/Ping.unity
  artifactKey: Guid(70bedf432310441629a694cd0ab62aa1) Importer(815301076,1909f56bfc062723c751e8b465ee728b)
Start importing Assets/extOSC/Examples/10) Ping/Ping.unity using Guid(70bedf432310441629a694cd0ab62aa1) Importer(815301076,1909f56bfc062723c751e8b465ee728b)  -> (artifact id: 'd7d618aa8db570925fdefef298afe1e3') in 0.019116 seconds 
========================================================================
Received Prepare
Registering precompiled user dll's ...
Registered in 0.002019 seconds.
Begin MonoManager ReloadAssembly
Native extension for WindowsStandalone target not found
Refreshing native plugins compatible for Editor in 0.42 ms, found 2 plugins.
Preloading 0 native plugins for Editor in 0.00 ms.
Mono: successfully reloaded assembly
- Completed reload, in  0.829 seconds
Domain Reload Profiling:
	ReloadAssembly (829ms)
		BeginReloadAssembly (96ms)
			ExecutionOrderSort (0ms)
			DisableScriptedObjects (4ms)
			BackupInstance (0ms)
			ReleaseScriptingObjects (0ms)
			CreateAndSetChildDomain (29ms)
		EndReloadAssembly (681ms)
			LoadAssemblies (77ms)
			RebuildTransferFunctionScriptingTraits (0ms)
			SetupTypeCache (232ms)
			ReleaseScriptCaches (1ms)
			RebuildScriptCaches (36ms)
			SetupLoadedEditorAssemblies (257ms)
				LogAssemblyErrors (0ms)
				InitializePlatformSupportModulesInManaged (4ms)
				SetLoadedEditorAssemblies (0ms)
				RefreshPlugins (0ms)
				BeforeProcessingInitializeOnLoad (72ms)
				ProcessInitializeOnLoadAttributes (163ms)
				ProcessInitializeOnLoadMethodAttributes (12ms)
				AfterProcessingInitializeOnLoad (5ms)
				EditorAssembliesLoaded (0ms)
			ExecutionOrderSort2 (0ms)
			AwakeInstancesAfterBackupRestoration (2ms)
Platform modules already initialized, skipping
Refreshing native plugins compatible for Editor in 0.38 ms, found 2 plugins.
Preloading 0 native plugins for Editor in 0.00 ms.
Unloading 1782 Unused Serialized files (Serialized files now loaded: 0)
System memory in use before: 77.5 MB.
System memory in use after: 77.6 MB.

Unloading 11 unused Assets to reduce memory usage. Loaded Objects now: 2245.
Total: 3.592100 ms (FindLiveObjects: 0.212400 ms CreateObjectMapping: 0.081400 ms MarkObjects: 3.260300 ms  DeleteObjects: 0.036100 ms)

AssetImportParameters requested are different than current active one (requested -> active):
  custom:framework-win-MediaFoundation: 216162199b28c13a410421893ffa2e32 -> 
  custom:video-decoder-ogg-theora: a1e56fd34408186e4bbccfd4996cb3dc -> 
  custom:container-muxer-webm: aa71ff27fc2769a1b78a27578f13a17b -> 
  custom:container-demuxer-webm: 4f35f7cbe854078d1ac9338744f61a02 -> 
  custom:container-demuxer-ogg: 62fdf1f143b41e24485cea50d1cbac27 -> 
  custom:video-encoder-webm-vp8: eb34c28f22e8b96e1ab97ce403110664 -> 
  custom:video-decoder-webm-vp8: 9c59270c3fd7afecdb556c50c9e8de78 -> 
  custom:audio-decoder-ogg-vorbis: bf7c407c2cedff20999df2af8eb42d56 -> 
  custom:audio-encoder-webm-vorbis: bf7c407c2cedff20999df2af8eb42d56 -> 
========================================================================
Received Import Request.
  Time since last request: 18.218937 seconds.
  path: Assets/extOSC/Examples/06) Mapping/Mapping Example.asset
  artifactKey: Guid(fe8e4ea79bde340928891a16b9a0e78e) Importer(815301076,1909f56bfc062723c751e8b465ee728b)
Start importing Assets/extOSC/Examples/06) Mapping/Mapping Example.asset using Guid(fe8e4ea79bde340928891a16b9a0e78e) Importer(815301076,1909f56bfc062723c751e8b465ee728b)  -> (artifact id: 'b331d7bff6f4eb3a02eb9a68b6886068') in 0.014775 seconds 
========================================================================
Received Import Request.
  Time since last request: 11.691148 seconds.
  path: Assets/extOSC/Examples/12) Match Pattern/Match Pattern.unity
  artifactKey: Guid(33cc5d6b7e9b1469e8b1f5d0db69c47b) Importer(815301076,1909f56bfc062723c751e8b465ee728b)
Start importing Assets/extOSC/Examples/12) Match Pattern/Match Pattern.unity using Guid(33cc5d6b7e9b1469e8b1f5d0db69c47b) Importer(815301076,1909f56bfc062723c751e8b465ee728b)  -> (artifact id: '8c27387fdb293a83c22a8eabc3e50544') in 0.008776 seconds 
========================================================================
Received Prepare
Registering precompiled user dll's ...
Registered in 0.002345 seconds.
Begin MonoManager ReloadAssembly
Native extension for WindowsStandalone target not found
Refreshing native plugins compatible for Editor in 0.57 ms, found 2 plugins.
Preloading 0 native plugins for Editor in 0.00 ms.
Mono: successfully reloaded assembly
- Completed reload, in  0.944 seconds
Domain Reload Profiling:
	ReloadAssembly (945ms)
		BeginReloadAssembly (115ms)
			ExecutionOrderSort (0ms)
			DisableScriptedObjects (4ms)
			BackupInstance (0ms)
			ReleaseScriptingObjects (0ms)
			CreateAndSetChildDomain (37ms)
		EndReloadAssembly (773ms)
			LoadAssemblies (92ms)
			RebuildTransferFunctionScriptingTraits (0ms)
			SetupTypeCache (259ms)
			ReleaseScriptCaches (1ms)
			RebuildScriptCaches (41ms)
			SetupLoadedEditorAssemblies (308ms)
				LogAssemblyErrors (0ms)
				InitializePlatformSupportModulesInManaged (5ms)
				SetLoadedEditorAssemblies (1ms)
				RefreshPlugins (1ms)
				BeforeProcessingInitializeOnLoad (99ms)
				ProcessInitializeOnLoadAttributes (184ms)
				ProcessInitializeOnLoadMethodAttributes (13ms)
				AfterProcessingInitializeOnLoad (5ms)
				EditorAssembliesLoaded (0ms)
			ExecutionOrderSort2 (0ms)
			AwakeInstancesAfterBackupRestoration (2ms)
Platform modules already initialized, skipping
Refreshing native plugins compatible for Editor in 0.46 ms, found 2 plugins.
Preloading 0 native plugins for Editor in 0.00 ms.
Unloading 1782 Unused Serialized files (Serialized files now loaded: 0)
System memory in use before: 77.5 MB.
System memory in use after: 77.7 MB.

Unloading 11 unused Assets to reduce memory usage. Loaded Objects now: 2248.
Total: 3.374800 ms (FindLiveObjects: 0.251800 ms CreateObjectMapping: 0.051600 ms MarkObjects: 3.042300 ms  DeleteObjects: 0.027300 ms)

AssetImportParameters requested are different than current active one (requested -> active):
  custom:framework-win-MediaFoundation: 216162199b28c13a410421893ffa2e32 -> 
  custom:video-decoder-ogg-theora: a1e56fd34408186e4bbccfd4996cb3dc -> 
  custom:container-muxer-webm: aa71ff27fc2769a1b78a27578f13a17b -> 
  custom:container-demuxer-webm: 4f35f7cbe854078d1ac9338744f61a02 -> 
  custom:container-demuxer-ogg: 62fdf1f143b41e24485cea50d1cbac27 -> 
  custom:video-encoder-webm-vp8: eb34c28f22e8b96e1ab97ce403110664 -> 
  custom:video-decoder-webm-vp8: 9c59270c3fd7afecdb556c50c9e8de78 -> 
  custom:audio-decoder-ogg-vorbis: bf7c407c2cedff20999df2af8eb42d56 -> 
  custom:audio-encoder-webm-vorbis: bf7c407c2cedff20999df2af8eb42d56 -> 
========================================================================
Received Prepare
Registering precompiled user dll's ...
Registered in 0.002222 seconds.
Begin MonoManager ReloadAssembly
Native extension for WindowsStandalone target not found
Refreshing native plugins compatible for Editor in 0.49 ms, found 2 plugins.
Preloading 0 native plugins for Editor in 0.00 ms.
Mono: successfully reloaded assembly
- Completed reload, in  0.961 seconds
Domain Reload Profiling:
	ReloadAssembly (962ms)
		BeginReloadAssembly (136ms)
			ExecutionOrderSort (0ms)
			DisableScriptedObjects (6ms)
			BackupInstance (0ms)
			ReleaseScriptingObjects (0ms)
			CreateAndSetChildDomain (52ms)
		EndReloadAssembly (766ms)
			LoadAssemblies (95ms)
			RebuildTransferFunctionScriptingTraits (0ms)
			SetupTypeCache (259ms)
			ReleaseScriptCaches (1ms)
			RebuildScriptCaches (39ms)
			SetupLoadedEditorAssemblies (305ms)
				LogAssemblyErrors (0ms)
				InitializePlatformSupportModulesInManaged (7ms)
				SetLoadedEditorAssemblies (1ms)
				RefreshPlugins (1ms)
				BeforeProcessingInitializeOnLoad (98ms)
				ProcessInitializeOnLoadAttributes (181ms)
				ProcessInitializeOnLoadMethodAttributes (13ms)
				AfterProcessingInitializeOnLoad (5ms)
				EditorAssembliesLoaded (0ms)
			ExecutionOrderSort2 (0ms)
			AwakeInstancesAfterBackupRestoration (2ms)
Platform modules already initialized, skipping
Refreshing native plugins compatible for Editor in 0.36 ms, found 2 plugins.
Preloading 0 native plugins for Editor in 0.00 ms.
Unloading 1782 Unused Serialized files (Serialized files now loaded: 0)
System memory in use before: 77.6 MB.
System memory in use after: 77.7 MB.

Unloading 11 unused Assets to reduce memory usage. Loaded Objects now: 2251.
Total: 3.455400 ms (FindLiveObjects: 0.249300 ms CreateObjectMapping: 0.091400 ms MarkObjects: 3.086700 ms  DeleteObjects: 0.026300 ms)

AssetImportParameters requested are different than current active one (requested -> active):
  custom:framework-win-MediaFoundation: 216162199b28c13a410421893ffa2e32 -> 
  custom:video-decoder-ogg-theora: a1e56fd34408186e4bbccfd4996cb3dc -> 
  custom:container-muxer-webm: aa71ff27fc2769a1b78a27578f13a17b -> 
  custom:container-demuxer-webm: 4f35f7cbe854078d1ac9338744f61a02 -> 
  custom:container-demuxer-ogg: 62fdf1f143b41e24485cea50d1cbac27 -> 
  custom:video-encoder-webm-vp8: eb34c28f22e8b96e1ab97ce403110664 -> 
  custom:video-decoder-webm-vp8: 9c59270c3fd7afecdb556c50c9e8de78 -> 
  custom:audio-decoder-ogg-vorbis: bf7c407c2cedff20999df2af8eb42d56 -> 
  custom:audio-encoder-webm-vorbis: bf7c407c2cedff20999df2af8eb42d56 -> 
========================================================================
Received Prepare
Registering precompiled user dll's ...
Registered in 0.002126 seconds.
Begin MonoManager ReloadAssembly
Native extension for WindowsStandalone target not found
Refreshing native plugins compatible for Editor in 0.45 ms, found 2 plugins.
Preloading 0 native plugins for Editor in 0.00 ms.
Mono: successfully reloaded assembly
- Completed reload, in  0.831 seconds
Domain Reload Profiling:
	ReloadAssembly (832ms)
		BeginReloadAssembly (102ms)
			ExecutionOrderSort (0ms)
			DisableScriptedObjects (4ms)
			BackupInstance (0ms)
			ReleaseScriptingObjects (0ms)
			CreateAndSetChildDomain (32ms)
		EndReloadAssembly (678ms)
			LoadAssemblies (78ms)
			RebuildTransferFunctionScriptingTraits (0ms)
			SetupTypeCache (223ms)
			ReleaseScriptCaches (1ms)
			RebuildScriptCaches (35ms)
			SetupLoadedEditorAssemblies (274ms)
				LogAssemblyErrors (0ms)
				InitializePlatformSupportModulesInManaged (4ms)
				SetLoadedEditorAssemblies (0ms)
				RefreshPlugins (1ms)
				BeforeProcessingInitializeOnLoad (76ms)
				ProcessInitializeOnLoadAttributes (177ms)
				ProcessInitializeOnLoadMethodAttributes (12ms)
				AfterProcessingInitializeOnLoad (4ms)
				EditorAssembliesLoaded (0ms)
			ExecutionOrderSort2 (0ms)
			AwakeInstancesAfterBackupRestoration (2ms)
Platform modules already initialized, skipping
Refreshing native plugins compatible for Editor in 0.39 ms, found 2 plugins.
Preloading 0 native plugins for Editor in 0.00 ms.
Unloading 1782 Unused Serialized files (Serialized files now loaded: 0)
System memory in use before: 77.6 MB.
System memory in use after: 77.7 MB.

Unloading 11 unused Assets to reduce memory usage. Loaded Objects now: 2254.
Total: 3.344400 ms (FindLiveObjects: 0.183500 ms CreateObjectMapping: 0.045600 ms MarkObjects: 3.084300 ms  DeleteObjects: 0.025800 ms)

AssetImportParameters requested are different than current active one (requested -> active):
  custom:framework-win-MediaFoundation: 216162199b28c13a410421893ffa2e32 -> 
  custom:video-decoder-ogg-theora: a1e56fd34408186e4bbccfd4996cb3dc -> 
  custom:container-muxer-webm: aa71ff27fc2769a1b78a27578f13a17b -> 
  custom:container-demuxer-webm: 4f35f7cbe854078d1ac9338744f61a02 -> 
  custom:container-demuxer-ogg: 62fdf1f143b41e24485cea50d1cbac27 -> 
  custom:video-encoder-webm-vp8: eb34c28f22e8b96e1ab97ce403110664 -> 
  custom:video-decoder-webm-vp8: 9c59270c3fd7afecdb556c50c9e8de78 -> 
  custom:audio-decoder-ogg-vorbis: bf7c407c2cedff20999df2af8eb42d56 -> 
  custom:audio-encoder-webm-vorbis: bf7c407c2cedff20999df2af8eb42d56 -> 
========================================================================
Received Prepare
Registering precompiled user dll's ...
Registered in 0.002223 seconds.
Begin MonoManager ReloadAssembly
Native extension for WindowsStandalone target not found
Refreshing native plugins compatible for Editor in 0.40 ms, found 2 plugins.
Preloading 0 native plugins for Editor in 0.00 ms.
Mono: successfully reloaded assembly
- Completed reload, in  0.824 seconds
Domain Reload Profiling:
	ReloadAssembly (825ms)
		BeginReloadAssembly (98ms)
			ExecutionOrderSort (0ms)
			DisableScriptedObjects (4ms)
			BackupInstance (0ms)
			ReleaseScriptingObjects (0ms)
			CreateAndSetChildDomain (29ms)
		EndReloadAssembly (674ms)
			LoadAssemblies (78ms)
			RebuildTransferFunctionScriptingTraits (0ms)
			SetupTypeCache (225ms)
			ReleaseScriptCaches (1ms)
			RebuildScriptCaches (36ms)
			SetupLoadedEditorAssemblies (265ms)
				LogAssemblyErrors (0ms)
				InitializePlatformSupportModulesInManaged (4ms)
				SetLoadedEditorAssemblies (0ms)
				RefreshPlugins (0ms)
				BeforeProcessingInitializeOnLoad (71ms)
				ProcessInitializeOnLoadAttributes (171ms)
				ProcessInitializeOnLoadMethodAttributes (12ms)
				AfterProcessingInitializeOnLoad (5ms)
				EditorAssembliesLoaded (0ms)
			ExecutionOrderSort2 (0ms)
			AwakeInstancesAfterBackupRestoration (2ms)
Platform modules already initialized, skipping
Refreshing native plugins compatible for Editor in 0.38 ms, found 2 plugins.
Preloading 0 native plugins for Editor in 0.00 ms.
Unloading 1782 Unused Serialized files (Serialized files now loaded: 0)
System memory in use before: 77.6 MB.
System memory in use after: 77.7 MB.

Unloading 11 unused Assets to reduce memory usage. Loaded Objects now: 2257.
Total: 3.118000 ms (FindLiveObjects: 0.240300 ms CreateObjectMapping: 0.051100 ms MarkObjects: 2.784800 ms  DeleteObjects: 0.040200 ms)

AssetImportParameters requested are different than current active one (requested -> active):
  custom:framework-win-MediaFoundation: 216162199b28c13a410421893ffa2e32 -> 
  custom:video-decoder-ogg-theora: a1e56fd34408186e4bbccfd4996cb3dc -> 
  custom:container-muxer-webm: aa71ff27fc2769a1b78a27578f13a17b -> 
  custom:container-demuxer-webm: 4f35f7cbe854078d1ac9338744f61a02 -> 
  custom:container-demuxer-ogg: 62fdf1f143b41e24485cea50d1cbac27 -> 
  custom:video-encoder-webm-vp8: eb34c28f22e8b96e1ab97ce403110664 -> 
  custom:video-decoder-webm-vp8: 9c59270c3fd7afecdb556c50c9e8de78 -> 
  custom:audio-decoder-ogg-vorbis: bf7c407c2cedff20999df2af8eb42d56 -> 
  custom:audio-encoder-webm-vorbis: bf7c407c2cedff20999df2af8eb42d56 -> 
========================================================================
Received Prepare
Registering precompiled user dll's ...
Registered in 0.002221 seconds.
Begin MonoManager ReloadAssembly
Native extension for WindowsStandalone target not found
Refreshing native plugins compatible for Editor in 0.39 ms, found 2 plugins.
Preloading 0 native plugins for Editor in 0.00 ms.
Mono: successfully reloaded assembly
- Completed reload, in  0.834 seconds
Domain Reload Profiling:
	ReloadAssembly (835ms)
		BeginReloadAssembly (97ms)
			ExecutionOrderSort (0ms)
			DisableScriptedObjects (4ms)
			BackupInstance (0ms)
			ReleaseScriptingObjects (0ms)
			CreateAndSetChildDomain (28ms)
		EndReloadAssembly (685ms)
			LoadAssemblies (80ms)
			RebuildTransferFunctionScriptingTraits (0ms)
			SetupTypeCache (232ms)
			ReleaseScriptCaches (1ms)
			RebuildScriptCaches (36ms)
			SetupLoadedEditorAssemblies (265ms)
				LogAssemblyErrors (0ms)
				InitializePlatformSupportModulesInManaged (5ms)
				SetLoadedEditorAssemblies (0ms)
				RefreshPlugins (0ms)
				BeforeProcessingInitializeOnLoad (72ms)
				ProcessInitializeOnLoadAttributes (170ms)
				ProcessInitializeOnLoadMethodAttributes (12ms)
				AfterProcessingInitializeOnLoad (5ms)
				EditorAssembliesLoaded (0ms)
			ExecutionOrderSort2 (0ms)
			AwakeInstancesAfterBackupRestoration (2ms)
Platform modules already initialized, skipping
Refreshing native plugins compatible for Editor in 0.45 ms, found 2 plugins.
Preloading 0 native plugins for Editor in 0.00 ms.
Unloading 1782 Unused Serialized files (Serialized files now loaded: 0)
System memory in use before: 77.6 MB.
System memory in use after: 77.7 MB.

Unloading 11 unused Assets to reduce memory usage. Loaded Objects now: 2260.
Total: 3.029000 ms (FindLiveObjects: 0.219900 ms CreateObjectMapping: 0.047800 ms MarkObjects: 2.730200 ms  DeleteObjects: 0.029500 ms)

AssetImportParameters requested are different than current active one (requested -> active):
  custom:framework-win-MediaFoundation: 216162199b28c13a410421893ffa2e32 -> 
  custom:video-decoder-ogg-theora: a1e56fd34408186e4bbccfd4996cb3dc -> 
  custom:container-muxer-webm: aa71ff27fc2769a1b78a27578f13a17b -> 
  custom:container-demuxer-webm: 4f35f7cbe854078d1ac9338744f61a02 -> 
  custom:container-demuxer-ogg: 62fdf1f143b41e24485cea50d1cbac27 -> 
  custom:video-encoder-webm-vp8: eb34c28f22e8b96e1ab97ce403110664 -> 
  custom:video-decoder-webm-vp8: 9c59270c3fd7afecdb556c50c9e8de78 -> 
  custom:audio-decoder-ogg-vorbis: bf7c407c2cedff20999df2af8eb42d56 -> 
  custom:audio-encoder-webm-vorbis: bf7c407c2cedff20999df2af8eb42d56 -> 
========================================================================
Received Prepare
Registering precompiled user dll's ...
Registered in 0.002258 seconds.
Begin MonoManager ReloadAssembly
Native extension for WindowsStandalone target not found
Refreshing native plugins compatible for Editor in 0.37 ms, found 2 plugins.
Preloading 0 native plugins for Editor in 0.00 ms.
Mono: successfully reloaded assembly
- Completed reload, in  0.803 seconds
Domain Reload Profiling:
	ReloadAssembly (803ms)
		BeginReloadAssembly (96ms)
			ExecutionOrderSort (0ms)
			DisableScriptedObjects (3ms)
			BackupInstance (0ms)
			ReleaseScriptingObjects (0ms)
			CreateAndSetChildDomain (31ms)
		EndReloadAssembly (656ms)
			LoadAssemblies (74ms)
			RebuildTransferFunctionScriptingTraits (0ms)
			SetupTypeCache (220ms)
			ReleaseScriptCaches (1ms)
			RebuildScriptCaches (35ms)
			SetupLoadedEditorAssemblies (254ms)
				LogAssemblyErrors (0ms)
				InitializePlatformSupportModulesInManaged (4ms)
				SetLoadedEditorAssemblies (1ms)
				RefreshPlugins (0ms)
				BeforeProcessingInitializeOnLoad (71ms)
				ProcessInitializeOnLoadAttributes (161ms)
				ProcessInitializeOnLoadMethodAttributes (12ms)
				AfterProcessingInitializeOnLoad (5ms)
				EditorAssembliesLoaded (0ms)
			ExecutionOrderSort2 (0ms)
			AwakeInstancesAfterBackupRestoration (2ms)
Platform modules already initialized, skipping
Refreshing native plugins compatible for Editor in 0.38 ms, found 2 plugins.
Preloading 0 native plugins for Editor in 0.00 ms.
Unloading 1782 Unused Serialized files (Serialized files now loaded: 0)
System memory in use before: 77.6 MB.
System memory in use after: 77.7 MB.

Unloading 11 unused Assets to reduce memory usage. Loaded Objects now: 2263.
Total: 3.001000 ms (FindLiveObjects: 0.224700 ms CreateObjectMapping: 0.083300 ms MarkObjects: 2.665300 ms  DeleteObjects: 0.026500 ms)

AssetImportParameters requested are different than current active one (requested -> active):
  custom:framework-win-MediaFoundation: 216162199b28c13a410421893ffa2e32 -> 
  custom:video-decoder-ogg-theora: a1e56fd34408186e4bbccfd4996cb3dc -> 
  custom:container-muxer-webm: aa71ff27fc2769a1b78a27578f13a17b -> 
  custom:container-demuxer-webm: 4f35f7cbe854078d1ac9338744f61a02 -> 
  custom:container-demuxer-ogg: 62fdf1f143b41e24485cea50d1cbac27 -> 
  custom:video-encoder-webm-vp8: eb34c28f22e8b96e1ab97ce403110664 -> 
  custom:video-decoder-webm-vp8: 9c59270c3fd7afecdb556c50c9e8de78 -> 
  custom:audio-decoder-ogg-vorbis: bf7c407c2cedff20999df2af8eb42d56 -> 
  custom:audio-encoder-webm-vorbis: bf7c407c2cedff20999df2af8eb42d56 -> 
========================================================================
Received Prepare
Registering precompiled user dll's ...
Registered in 0.002122 seconds.
Begin MonoManager ReloadAssembly
Native extension for WindowsStandalone target not found
Refreshing native plugins compatible for Editor in 0.39 ms, found 2 plugins.
Preloading 0 native plugins for Editor in 0.00 ms.
Mono: successfully reloaded assembly
- Completed reload, in  0.808 seconds
Domain Reload Profiling:
	ReloadAssembly (809ms)
		BeginReloadAssembly (94ms)
			ExecutionOrderSort (0ms)
			DisableScriptedObjects (3ms)
			BackupInstance (0ms)
			ReleaseScriptingObjects (0ms)
			CreateAndSetChildDomain (28ms)
		EndReloadAssembly (663ms)
			LoadAssemblies (75ms)
			RebuildTransferFunctionScriptingTraits (0ms)
			SetupTypeCache (227ms)
			ReleaseScriptCaches (1ms)
			RebuildScriptCaches (36ms)
			SetupLoadedEditorAssemblies (255ms)
				LogAssemblyErrors (0ms)
				InitializePlatformSupportModulesInManaged (4ms)
				SetLoadedEditorAssemblies (1ms)
				RefreshPlugins (0ms)
				BeforeProcessingInitializeOnLoad (71ms)
				ProcessInitializeOnLoadAttributes (161ms)
				ProcessInitializeOnLoadMethodAttributes (13ms)
				AfterProcessingInitializeOnLoad (5ms)
				EditorAssembliesLoaded (0ms)
			ExecutionOrderSort2 (0ms)
			AwakeInstancesAfterBackupRestoration (2ms)
Platform modules already initialized, skipping
Refreshing native plugins compatible for Editor in 0.45 ms, found 2 plugins.
Preloading 0 native plugins for Editor in 0.00 ms.
Unloading 1782 Unused Serialized files (Serialized files now loaded: 0)
System memory in use before: 77.6 MB.
System memory in use after: 77.7 MB.

Unloading 11 unused Assets to reduce memory usage. Loaded Objects now: 2266.
Total: 3.510100 ms (FindLiveObjects: 0.231900 ms CreateObjectMapping: 0.083000 ms MarkObjects: 3.167700 ms  DeleteObjects: 0.026100 ms)

AssetImportParameters requested are different than current active one (requested -> active):
  custom:framework-win-MediaFoundation: 216162199b28c13a410421893ffa2e32 -> 
  custom:video-decoder-ogg-theora: a1e56fd34408186e4bbccfd4996cb3dc -> 
  custom:container-muxer-webm: aa71ff27fc2769a1b78a27578f13a17b -> 
  custom:container-demuxer-webm: 4f35f7cbe854078d1ac9338744f61a02 -> 
  custom:container-demuxer-ogg: 62fdf1f143b41e24485cea50d1cbac27 -> 
  custom:video-encoder-webm-vp8: eb34c28f22e8b96e1ab97ce403110664 -> 
  custom:video-decoder-webm-vp8: 9c59270c3fd7afecdb556c50c9e8de78 -> 
  custom:audio-decoder-ogg-vorbis: bf7c407c2cedff20999df2af8eb42d56 -> 
  custom:audio-encoder-webm-vorbis: bf7c407c2cedff20999df2af8eb42d56 -> 
========================================================================
Received Prepare
Registering precompiled user dll's ...
Registered in 0.002171 seconds.
Begin MonoManager ReloadAssembly
Native extension for WindowsStandalone target not found
Refreshing native plugins compatible for Editor in 0.45 ms, found 2 plugins.
Preloading 0 native plugins for Editor in 0.00 ms.
Mono: successfully reloaded assembly
- Completed reload, in  7.127 seconds
Domain Reload Profiling:
	ReloadAssembly (7128ms)
		BeginReloadAssembly (2973ms)
			ExecutionOrderSort (0ms)
			DisableScriptedObjects (3ms)
			BackupInstance (0ms)
			ReleaseScriptingObjects (0ms)
			CreateAndSetChildDomain (28ms)
		EndReloadAssembly (4102ms)
			LoadAssemblies (4587ms)
			RebuildTransferFunctionScriptingTraits (0ms)
			SetupTypeCache (1118ms)
			ReleaseScriptCaches (1ms)
			RebuildScriptCaches (35ms)
			SetupLoadedEditorAssemblies (1153ms)
				LogAssemblyErrors (0ms)
				InitializePlatformSupportModulesInManaged (4ms)
				SetLoadedEditorAssemblies (0ms)
				RefreshPlugins (1ms)
				BeforeProcessingInitializeOnLoad (88ms)
				ProcessInitializeOnLoadAttributes (286ms)
				ProcessInitializeOnLoadMethodAttributes (769ms)
				AfterProcessingInitializeOnLoad (4ms)
				EditorAssembliesLoaded (0ms)
			ExecutionOrderSort2 (0ms)
			AwakeInstancesAfterBackupRestoration (2ms)
Platform modules already initialized, skipping
Refreshing native plugins compatible for Editor in 0.44 ms, found 2 plugins.
Preloading 0 native plugins for Editor in 0.00 ms.
Unloading 1782 Unused Serialized files (Serialized files now loaded: 0)
System memory in use before: 77.6 MB.
System memory in use after: 77.7 MB.

Unloading 11 unused Assets to reduce memory usage. Loaded Objects now: 2269.
Total: 3.303600 ms (FindLiveObjects: 0.222000 ms CreateObjectMapping: 0.048700 ms MarkObjects: 3.009600 ms  DeleteObjects: 0.021800 ms)

AssetImportParameters requested are different than current active one (requested -> active):
  custom:framework-win-MediaFoundation: 216162199b28c13a410421893ffa2e32 -> 
  custom:video-decoder-ogg-theora: a1e56fd34408186e4bbccfd4996cb3dc -> 
  custom:container-muxer-webm: aa71ff27fc2769a1b78a27578f13a17b -> 
  custom:container-demuxer-webm: 4f35f7cbe854078d1ac9338744f61a02 -> 
  custom:container-demuxer-ogg: 62fdf1f143b41e24485cea50d1cbac27 -> 
  custom:video-encoder-webm-vp8: eb34c28f22e8b96e1ab97ce403110664 -> 
  custom:video-decoder-webm-vp8: 9c59270c3fd7afecdb556c50c9e8de78 -> 
  custom:audio-decoder-ogg-vorbis: bf7c407c2cedff20999df2af8eb42d56 -> 
  custom:audio-encoder-webm-vorbis: bf7c407c2cedff20999df2af8eb42d56 -> 
========================================================================
Received Import Request.
  Time since last request: 4446.441220 seconds.
  path: Assets/extOSC/Examples/03) Events/Events.unity
  artifactKey: Guid(ef518e5e3a3c4412bbc84da1c962abe3) Importer(815301076,1909f56bfc062723c751e8b465ee728b)
Start importing Assets/extOSC/Examples/03) Events/Events.unity using Guid(ef518e5e3a3c4412bbc84da1c962abe3) Importer(815301076,1909f56bfc062723c751e8b465ee728b)  -> (artifact id: 'e9aa4e60d79f32203054a3ca09cef3ed') in 0.010859 seconds 
========================================================================
Received Import Request.
  Time since last request: 7.327682 seconds.
  path: Assets/extOSC/Examples/04) Informers/Informers.unity
  artifactKey: Guid(a4c0d35aed5fa4128bb4cd4860315477) Importer(815301076,1909f56bfc062723c751e8b465ee728b)
Start importing Assets/extOSC/Examples/04) Informers/Informers.unity using Guid(a4c0d35aed5fa4128bb4cd4860315477) Importer(815301076,1909f56bfc062723c751e8b465ee728b)  -> (artifact id: 'f84932466718b7e7a0638a92387f7f46') in 0.015724 seconds 
========================================================================
Received Import Request.
  Time since last request: 134.432941 seconds.
  path: Assets/extOSC/Resources/extOSC
  artifactKey: Guid(d58b1f4a7fa1d4c31b848591de7d49d0) Importer(815301076,1909f56bfc062723c751e8b465ee728b)
Start importing Assets/extOSC/Resources/extOSC using Guid(d58b1f4a7fa1d4c31b848591de7d49d0) Importer(815301076,1909f56bfc062723c751e8b465ee728b)  -> (artifact id: '71b5e27d1b3b9cb5166df198b1ef2fa2') in 0.008720 seconds 
========================================================================
Received Import Request.
  Time since last request: 0.065235 seconds.
  path: Assets/extOSC/Resources/extOSC/iw-logo.png
  artifactKey: Guid(e8b0f0c0efb7344b4a0110f6996b6580) Importer(815301076,1909f56bfc062723c751e8b465ee728b)
Start importing Assets/extOSC/Resources/extOSC/iw-logo.png using Guid(e8b0f0c0efb7344b4a0110f6996b6580) Importer(815301076,1909f56bfc062723c751e8b465ee728b)  -> (artifact id: 'dc63b273523c64c0cbe084edd5cbbb79') in 0.124645 seconds 
========================================================================
Received Import Request.
  Time since last request: 0.000280 seconds.
  path: Assets/extOSC/Resources/extOSC/OSC_bundle_light.png
  artifactKey: Guid(8a7a40827beec4e4bae2165b3f72c9b1) Importer(815301076,1909f56bfc062723c751e8b465ee728b)
Start importing Assets/extOSC/Resources/extOSC/OSC_bundle_light.png using Guid(8a7a40827beec4e4bae2165b3f72c9b1) Importer(815301076,1909f56bfc062723c751e8b465ee728b)  -> (artifact id: '49320a8971ca1865a543b94b7ac4e069') in 0.024171 seconds 
========================================================================
Received Import Request.
  Time since last request: 0.000223 seconds.
  path: Assets/extOSC/Resources/extOSC/OSC_message_dark.png
  artifactKey: Guid(cd8b3922d19b0485e8f38dd73e0ee2af) Importer(815301076,1909f56bfc062723c751e8b465ee728b)
Start importing Assets/extOSC/Resources/extOSC/OSC_message_dark.png using Guid(cd8b3922d19b0485e8f38dd73e0ee2af) Importer(815301076,1909f56bfc062723c751e8b465ee728b)  -> (artifact id: '08280b1b3fcc5902e68780eba1cc05dc') in 0.019579 seconds 
========================================================================
Received Import Request.
  Time since last request: 0.000258 seconds.
  path: Assets/extOSC/Resources/extOSC/IW_small_logo_light.png
  artifactKey: Guid(da6ba43e88f27ce4cb8f698a5c498748) Importer(815301076,1909f56bfc062723c751e8b465ee728b)
Start importing Assets/extOSC/Resources/extOSC/IW_small_logo_light.png using Guid(da6ba43e88f27ce4cb8f698a5c498748) Importer(815301076,1909f56bfc062723c751e8b465ee728b)  -> (artifact id: 'a6f20a51e9e0a95dd0a392929561249d') in 0.021256 seconds 
========================================================================
Received Import Request.
  Time since last request: 0.000500 seconds.
  path: Assets/extOSC/Resources/extOSC/OSC_receiver_light.png
  artifactKey: Guid(81eeaf681967f4d4c86437a058e3c13e) Importer(815301076,1909f56bfc062723c751e8b465ee728b)
Start importing Assets/extOSC/Resources/extOSC/OSC_receiver_light.png using Guid(81eeaf681967f4d4c86437a058e3c13e) Importer(815301076,1909f56bfc062723c751e8b465ee728b)  -> (artifact id: 'f064fb7bd510f7db48be3093bf830bd6') in 0.032065 seconds 
========================================================================
Received Import Request.
  Time since last request: 0.000271 seconds.
  path: Assets/extOSC/Resources/extOSC/IW_logo_dark.png
  artifactKey: Guid(5973e72e3cee0334692894ee3a6c177a) Importer(815301076,1909f56bfc062723c751e8b465ee728b)
Start importing Assets/extOSC/Resources/extOSC/IW_logo_dark.png using Guid(5973e72e3cee0334692894ee3a6c177a) Importer(815301076,1909f56bfc062723c751e8b465ee728b)  -> (artifact id: 'a2b214f0f1851d97146d8e8c5f3c7d49') in 0.018668 seconds 
========================================================================
Received Import Request.
  Time since last request: 0.000279 seconds.
  path: Assets/extOSC/Resources/extOSC/IW_small_logo_dark.png
  artifactKey: Guid(cb778a24ccd6aaa4ba27ccbcdda3f3aa) Importer(815301076,1909f56bfc062723c751e8b465ee728b)
Start importing Assets/extOSC/Resources/extOSC/IW_small_logo_dark.png using Guid(cb778a24ccd6aaa4ba27ccbcdda3f3aa) Importer(815301076,1909f56bfc062723c751e8b465ee728b)  -> (artifact id: '1c5b1e2e0119601f04cb517944f92a66') in 0.019275 seconds 
========================================================================
Received Import Request.
  Time since last request: 0.000235 seconds.
  path: Assets/extOSC/Resources/extOSC/OSC_transmitter_light.png
  artifactKey: Guid(3f04455fc160e45b89c3396dae30380e) Importer(815301076,1909f56bfc062723c751e8b465ee728b)
Start importing Assets/extOSC/Resources/extOSC/OSC_transmitter_light.png using Guid(3f04455fc160e45b89c3396dae30380e) Importer(815301076,1909f56bfc062723c751e8b465ee728b)  -> (artifact id: 'c240962dc313ee35d27d451b5cadec70') in 0.020151 seconds 
========================================================================
Received Import Request.
  Time since last request: 0.000252 seconds.
  path: Assets/extOSC/Resources/extOSC/OSC_message_light.png
  artifactKey: Guid(257349e0984fc4039928c5ac885f43bc) Importer(815301076,1909f56bfc062723c751e8b465ee728b)
Start importing Assets/extOSC/Resources/extOSC/OSC_message_light.png using Guid(257349e0984fc4039928c5ac885f43bc) Importer(815301076,1909f56bfc062723c751e8b465ee728b)  -> (artifact id: 'f20215d05a3ba343f426327c5d9ee0bf') in 0.018409 seconds 
========================================================================
Received Import Request.
  Time since last request: 0.000289 seconds.
  path: Assets/extOSC/Resources/extOSC/OSC_receiver_dark.png
  artifactKey: Guid(964ea9d4f29ca49458fc7bfc0a267311) Importer(815301076,1909f56bfc062723c751e8b465ee728b)
Start importing Assets/extOSC/Resources/extOSC/OSC_receiver_dark.png using Guid(964ea9d4f29ca49458fc7bfc0a267311) Importer(815301076,1909f56bfc062723c751e8b465ee728b)  -> (artifact id: '74e04309caeaca9a8fa7a7e99f7c8038') in 0.018639 seconds 
========================================================================
Received Import Request.
  Time since last request: 0.000293 seconds.
  path: Assets/extOSC/Resources/extOSC/OSC_bundle_dark.png
  artifactKey: Guid(3d4b2134a6de1446e8ae693a98aae5a0) Importer(815301076,1909f56bfc062723c751e8b465ee728b)
Start importing Assets/extOSC/Resources/extOSC/OSC_bundle_dark.png using Guid(3d4b2134a6de1446e8ae693a98aae5a0) Importer(815301076,1909f56bfc062723c751e8b465ee728b)  -> (artifact id: 'ad31ba4c951ec3df7e957b4cfc771b2f') in 0.021148 seconds 
========================================================================
Received Import Request.
  Time since last request: 0.000289 seconds.
  path: Assets/extOSC/Resources/extOSC/OSC_transmitter_dark.png
  artifactKey: Guid(3c3b0e24fdfec43d2918d3d7570f1c3c) Importer(815301076,1909f56bfc062723c751e8b465ee728b)
Start importing Assets/extOSC/Resources/extOSC/OSC_transmitter_dark.png using Guid(3c3b0e24fdfec43d2918d3d7570f1c3c) Importer(815301076,1909f56bfc062723c751e8b465ee728b)  -> (artifact id: '89bc47c35b4bd17c50d2021ec9c0882f') in 0.019321 seconds 
========================================================================
Received Import Request.
  Time since last request: 0.000292 seconds.
  path: Assets/extOSC/Resources/extOSC/IW_logo_light.png
  artifactKey: Guid(159994030ed24d2459e18a0d41148a46) Importer(815301076,1909f56bfc062723c751e8b465ee728b)
Start importing Assets/extOSC/Resources/extOSC/IW_logo_light.png using Guid(159994030ed24d2459e18a0d41148a46) Importer(815301076,1909f56bfc062723c751e8b465ee728b)  -> (artifact id: 'c721585247a36ab332ef56d6c0c01544') in 0.019132 seconds 
========================================================================
Received Import Request.
  Time since last request: 0.366573 seconds.
  path: Assets/extOSC/Resources/extOSC/OSC_UI_panel_border.png
  artifactKey: Guid(ce23a9ef5cbb54d72a143ba8ac3ab5b2) Importer(815301076,1909f56bfc062723c751e8b465ee728b)
Start importing Assets/extOSC/Resources/extOSC/OSC_UI_panel_border.png using Guid(ce23a9ef5cbb54d72a143ba8ac3ab5b2) Importer(815301076,1909f56bfc062723c751e8b465ee728b)  -> (artifact id: 'b5a4e18ad08560956cd855ded8bb3388') in 0.022588 seconds 
========================================================================
Received Import Request.
  Time since last request: 0.000269 seconds.
  path: Assets/extOSC/Resources/extOSC/OSC_UI_panel_filled.png
  artifactKey: Guid(c0046ff7d58574b78bdcdf8e3622ed13) Importer(815301076,1909f56bfc062723c751e8b465ee728b)
Start importing Assets/extOSC/Resources/extOSC/OSC_UI_panel_filled.png using Guid(c0046ff7d58574b78bdcdf8e3622ed13) Importer(815301076,1909f56bfc062723c751e8b465ee728b)  -> (artifact id: 'aea91beb5a81534b8e6a939c710a5be2') in 0.031090 seconds 
========================================================================
Received Import Request.
  Time since last request: 0.000251 seconds.
  path: Assets/extOSC/Resources/extOSC/OSC_UI_rotary_filled.png
  artifactKey: Guid(4ccd501fc31ad46a09449907afbba9b3) Importer(815301076,1909f56bfc062723c751e8b465ee728b)
Start importing Assets/extOSC/Resources/extOSC/OSC_UI_rotary_filled.png using Guid(4ccd501fc31ad46a09449907afbba9b3) Importer(815301076,1909f56bfc062723c751e8b465ee728b)  -> (artifact id: '6db4e5ee1a82bfdf2433dd4d4f9432ff') in 0.028515 seconds 
========================================================================
Received Import Request.
  Time since last request: 0.000262 seconds.
  path: Assets/extOSC/Resources/extOSC/OSC_UI_rotary_filled_mask.png
  artifactKey: Guid(78a3592ded2774e91a4622083f7ad225) Importer(815301076,1909f56bfc062723c751e8b465ee728b)
Start importing Assets/extOSC/Resources/extOSC/OSC_UI_rotary_filled_mask.png using Guid(78a3592ded2774e91a4622083f7ad225) Importer(815301076,1909f56bfc062723c751e8b465ee728b)  -> (artifact id: 'a378afa4a0825eedcdb1ae11093084bd') in 0.024545 seconds 
========================================================================
Received Import Request.
  Time since last request: 0.000321 seconds.
  path: Assets/extOSC/Resources/extOSC/OSC_UI_rotary_border.png
  artifactKey: Guid(c7e00537d8c4145dcb4044c21f580651) Importer(815301076,1909f56bfc062723c751e8b465ee728b)
Start importing Assets/extOSC/Resources/extOSC/OSC_UI_rotary_border.png using Guid(c7e00537d8c4145dcb4044c21f580651) Importer(815301076,1909f56bfc062723c751e8b465ee728b)  -> (artifact id: '9a8e71aa5d49aed15af27a9deec28a5c') in 0.025015 seconds 
AssetImportWorkerClient::OnTransportError - code=2 error=End of file
